\\APOLLO\UPROFILES\GHERIBA\DOCUMENTS\VISUAL STUDIO 2010\PROJECTS\RANDOM_GEN\RANDOM_GEN\RELEASE\.NETFRAMEWORK,VERSION=V4.0.ASSEMBLYATTRIBUTES.OBJ
\\apollo\uprofiles\gheriba\documents\visual studio 2010\Projects\random_gen\random_gen\Release\cl.command.1.tlog
\\apollo\uprofiles\gheriba\documents\visual studio 2010\Projects\random_gen\random_gen\Release\CL.read.1.tlog
\\apollo\uprofiles\gheriba\documents\visual studio 2010\Projects\random_gen\random_gen\Release\CL.write.1.tlog
\\apollo\uprofiles\gheriba\documents\visual studio 2010\Projects\random_gen\random_gen\Release\link.command.1.tlog
\\apollo\uprofiles\gheriba\documents\visual studio 2010\Projects\random_gen\random_gen\Release\link.read.1.tlog
\\apollo\uprofiles\gheriba\documents\visual studio 2010\Projects\random_gen\random_gen\Release\link.write.1.tlog
\\APOLLO\UPROFILES\GHERIBA\DOCUMENTS\VISUAL STUDIO 2010\PROJECTS\RANDOM_GEN\RANDOM_GEN\RELEASE\MAINFORM.OBJ
\\apollo\uprofiles\gheriba\documents\visual studio 2010\Projects\random_gen\random_gen\Release\metagen.read.1.tlog
\\apollo\uprofiles\gheriba\documents\visual studio 2010\Projects\random_gen\random_gen\Release\metagen.write.1.tlog
\\apollo\uprofiles\gheriba\documents\visual studio 2010\Projects\random_gen\random_gen\Release\mt.command.1.tlog
\\apollo\uprofiles\gheriba\documents\visual studio 2010\Projects\random_gen\random_gen\Release\mt.read.1.tlog
\\apollo\uprofiles\gheriba\documents\visual studio 2010\Projects\random_gen\random_gen\Release\mt.write.1.tlog
\\APOLLO\UPROFILES\GHERIBA\DOCUMENTS\VISUAL STUDIO 2010\PROJECTS\RANDOM_GEN\RANDOM_GEN\RELEASE\RANDOM_GEN.EXE.INTERMEDIATE.MANIFEST
\\apollo\uprofiles\gheriba\documents\visual studio 2010\Projects\random_gen\random_gen\Release\random_gen.MainForm.resources
\\apollo\uprofiles\gheriba\documents\visual studio 2010\Projects\random_gen\random_gen\Release\random_gen.vcxproj.GenerateResource.Cache
\\apollo\uprofiles\gheriba\documents\visual studio 2010\Projects\random_gen\random_gen\Release\random_gen.vcxprojResolveAssemblyReference.cache
\\apollo\uprofiles\gheriba\documents\visual studio 2010\Projects\random_gen\random_gen\Release\random_gen.write.1.tlog
\\apollo\uprofiles\gheriba\documents\visual studio 2010\Projects\random_gen\random_gen\Release\RSAENH.DLL.bi
\\apollo\uprofiles\gheriba\documents\visual studio 2010\Projects\random_gen\random_gen\Release\TZRES.DLL.bi
\\APOLLO\UPROFILES\GHERIBA\DOCUMENTS\VISUAL STUDIO 2010\PROJECTS\RANDOM_GEN\RANDOM_GEN\RELEASE\VC100.PDB
\\APOLLO\UPROFILES\GHERIBA\DOCUMENTS\VISUAL STUDIO 2010\PROJECTS\RANDOM_GEN\RELEASE\RANDOM_GEN.EXE
\\APOLLO\UPROFILES\GHERIBA\DOCUMENTS\VISUAL STUDIO 2010\PROJECTS\RANDOM_GEN\RELEASE\RANDOM_GEN.PDB
