Build started 12/05/2015 1:42:09 PM.
     1>Project "\\apollo\uprofiles\gheriba\documents\visual studio 2010\Projects\random_gen\random_gen\random_gen.vcxproj" on node 2 (build target(s)).
     1>InitializeBuildStatus:
         Creating "Release\random_gen.unsuccessfulbuild" because "AlwaysCreate" was specified.
       GenerateTargetFrameworkMonikerAttribute:
       Skipping target "GenerateTargetFrameworkMonikerAttribute" because all output files are up-to-date with respect to the input files.
       ClCompile:
         c:\Program Files (x86)\Microsoft Visual Studio 10.0\VC\bin\CL.exe /c /AI"C:\Program Files (x86)\Reference Assemblies\Microsoft\Framework\.NETFramework\v4.0" /Zi /clr /nologo /W3 /WX- /O2 /Oy- /D WIN32 /D NDEBUG /D _UNICODE /D UNICODE /EHa /MD /GS /fp:precise /Zc:wchar_t /Zc:forScope /Fo"Release\\" /Fd"Release\vc100.pdb" /TP /FU"C:\Program Files (x86)\Reference Assemblies\Microsoft\Framework\.NETFramework\v4.0\System.Core.dll" /FU"C:\Program Files (x86)\Reference Assemblies\Microsoft\Framework\.NETFramework\v4.0\System.Data.dll" /FU"C:\Program Files (x86)\Reference Assemblies\Microsoft\Framework\.NETFramework\v4.0\System.DirectoryServices.dll" /FU"C:\Program Files (x86)\Reference Assemblies\Microsoft\Framework\.NETFramework\v4.0\System.dll" /FU"C:\Program Files (x86)\Reference Assemblies\Microsoft\Framework\.NETFramework\v4.0\System.Drawing.dll" /FU"C:\Program Files (x86)\Reference Assemblies\Microsoft\Framework\.NETFramework\v4.0\System.Windows.Forms.dll" /FU"C:\Program Files (x86)\Reference Assemblies\Microsoft\Framework\.NETFramework\v4.0\System.Xml.dll" /analyze- /errorReport:prompt MainForm.cpp /clr:nostdlib 
         MainForm.cpp
         All outputs are up-to-date.
       CoreResGen:
         "C:\Program Files (x86)\Microsoft SDKs\Windows\v7.0A\bin\NETFX 4.0 Tools\resgen.exe" /useSourcePath /r:"C:\Program Files (x86)\Reference Assemblies\Microsoft\Framework\.NETFramework\v4.0\System.Core.dll" /r:"C:\Program Files (x86)\Reference Assemblies\Microsoft\Framework\.NETFramework\v4.0\System.Data.dll" /r:"C:\Program Files (x86)\Reference Assemblies\Microsoft\Framework\.NETFramework\v4.0\System.DirectoryServices.dll" /r:"C:\Program Files (x86)\Reference Assemblies\Microsoft\Framework\.NETFramework\v4.0\System.dll" /r:"C:\Program Files (x86)\Reference Assemblies\Microsoft\Framework\.NETFramework\v4.0\System.Drawing.dll" /r:"C:\Program Files (x86)\Reference Assemblies\Microsoft\Framework\.NETFramework\v4.0\System.Windows.Forms.dll" /r:"C:\Program Files (x86)\Reference Assemblies\Microsoft\Framework\.NETFramework\v4.0\System.Xml.dll" /compile MainForm.resx,Release\random_gen.MainForm.resources
         Processing resource file "MainForm.resx" into "Release\random_gen.MainForm.resources".
       Link:
         c:\Program Files (x86)\Microsoft Visual Studio 10.0\VC\bin\link.exe /ERRORREPORT:PROMPT /OUT:"\\apollo\uprofiles\gheriba\documents\visual studio 2010\Projects\random_gen\Release\random_gen.exe" /INCREMENTAL:NO /NOLOGO /ASSEMBLYRESOURCE:Release\random_gen.MainForm.resources /MANIFEST /ManifestFile:"Release\random_gen.exe.intermediate.manifest" /MANIFESTUAC:"level='asInvoker' uiAccess='false'" /DEBUG /PDB:"\\apollo\uprofiles\gheriba\documents\visual studio 2010\Projects\random_gen\Release\random_gen.pdb" /TLBID:1 /DYNAMICBASE /FIXED:NO /NXCOMPAT /MACHINE:X86 Release\MainForm.obj
         "Release\.NETFramework,Version=v4.0.AssemblyAttributes.obj"
         random_gen.vcxproj -> \\apollo\uprofiles\gheriba\documents\visual studio 2010\Projects\random_gen\Release\random_gen.exe
       Manifest:
         C:\Program Files (x86)\Microsoft SDKs\Windows\v7.0A\bin\mt.exe /nologo /verbose /outputresource:"\\apollo\uprofiles\gheriba\documents\visual studio 2010\Projects\random_gen\Release\random_gen.exe;#1" /manifest Release\random_gen.exe.intermediate.manifest
       FinalizeBuildStatus:
         Deleting file "Release\random_gen.unsuccessfulbuild".
         Touching "Release\random_gen.lastbuildstate".
     1>Done Building Project "\\apollo\uprofiles\gheriba\documents\visual studio 2010\Projects\random_gen\random_gen\random_gen.vcxproj" (build target(s)).

Build succeeded.

Time Elapsed 00:00:09.90
