Build started 29/06/2015 2:38:49 PM.
     1>Project "\\APOLLO\UProfiles\gheriba\Downloads\Trips\Trips\Trips\Trips.vcxproj" on node 2 (build target(s)).
     1>InitializeBuildStatus:
         Creating "Debug\Trips.unsuccessfulbuild" because "AlwaysCreate" was specified.
       GenerateTargetFrameworkMonikerAttribute:
       Skipping target "GenerateTargetFrameworkMonikerAttribute" because all output files are up-to-date with respect to the input files.
       ClCompile:
         c:\Program Files (x86)\Microsoft Visual Studio 10.0\VC\bin\CL.exe /c /AI"C:\Program Files (x86)\Reference Assemblies\Microsoft\Framework\.NETFramework\v4.0" /Zi /clr /nologo /W3 /WX- /Od /Oy- /D WIN32 /D _DEBUG /D _UNICODE /D UNICODE /EHa /MDd /GS /fp:precise /Zc:wchar_t /Zc:forScope /Fo"Debug\\" /Fd"Debug\vc100.pdb" /TP /FU"C:\Program Files (x86)\Reference Assemblies\Microsoft\Framework\.NETFramework\v4.0\Microsoft.VisualBasic.dll" /FU"C:\Program Files (x86)\Reference Assemblies\Microsoft\VBPowerPacks\v10.0\Microsoft.VisualBasic.PowerPacks.Vs.dll" /FU"C:\Program Files (x86)\Reference Assemblies\Microsoft\Framework\.NETFramework\v4.0\System.Core.dll" /FU"C:\Program Files (x86)\Reference Assemblies\Microsoft\Framework\.NETFramework\v4.0\System.Data.dll" /FU"C:\Program Files (x86)\Reference Assemblies\Microsoft\Framework\.NETFramework\v4.0\System.dll" /FU"C:\Program Files (x86)\Reference Assemblies\Microsoft\Framework\.NETFramework\v4.0\System.Drawing.dll" /FU"C:\Program Files (x86)\Reference Assemblies\Microsoft\Framework\.NETFramework\v4.0\System.Windows.Forms.dll" /FU"C:\Program Files (x86)\Reference Assemblies\Microsoft\Framework\.NETFramework\v4.0\System.Xml.dll" /analyze- /errorReport:prompt DistributionForm.cpp GenerationForm.cpp /clr:nostdlib 
         DistributionForm.cpp
     1>\\apollo\uprofiles\gheriba\downloads\trips\trips\trips\DistributionForm.h(546): warning C4101: 'val' : unreferenced local variable
     1>\\apollo\uprofiles\gheriba\downloads\trips\trips\trips\DistributionForm.h(744): warning C4996: 'strcpy': This function or variable may be unsafe. Consider using strcpy_s instead. To disable deprecation, use _CRT_SECURE_NO_WARNINGS. See online help for details.
                 c:\Program Files (x86)\Microsoft Visual Studio 10.0\VC\include\string.h(105) : see declaration of 'strcpy'
     1>\\apollo\uprofiles\gheriba\downloads\trips\trips\trips\DistributionForm.h(747): warning C4996: 'strtok': This function or variable may be unsafe. Consider using strtok_s instead. To disable deprecation, use _CRT_SECURE_NO_WARNINGS. See online help for details.
                 c:\Program Files (x86)\Microsoft Visual Studio 10.0\VC\include\string.h(197) : see declaration of 'strtok'
     1>\\apollo\uprofiles\gheriba\downloads\trips\trips\trips\DistributionForm.h(753): warning C4996: 'strtok': This function or variable may be unsafe. Consider using strtok_s instead. To disable deprecation, use _CRT_SECURE_NO_WARNINGS. See online help for details.
                 c:\Program Files (x86)\Microsoft Visual Studio 10.0\VC\include\string.h(197) : see declaration of 'strtok'
         GenerationForm.cpp
     1>\\apollo\uprofiles\gheriba\downloads\trips\trips\trips\DistributionForm.h(546): warning C4101: 'val' : unreferenced local variable
     1>\\apollo\uprofiles\gheriba\downloads\trips\trips\trips\DistributionForm.h(744): warning C4996: 'strcpy': This function or variable may be unsafe. Consider using strcpy_s instead. To disable deprecation, use _CRT_SECURE_NO_WARNINGS. See online help for details.
                 c:\Program Files (x86)\Microsoft Visual Studio 10.0\VC\include\string.h(105) : see declaration of 'strcpy'
     1>\\apollo\uprofiles\gheriba\downloads\trips\trips\trips\DistributionForm.h(747): warning C4996: 'strtok': This function or variable may be unsafe. Consider using strtok_s instead. To disable deprecation, use _CRT_SECURE_NO_WARNINGS. See online help for details.
                 c:\Program Files (x86)\Microsoft Visual Studio 10.0\VC\include\string.h(197) : see declaration of 'strtok'
     1>\\apollo\uprofiles\gheriba\downloads\trips\trips\trips\DistributionForm.h(753): warning C4996: 'strtok': This function or variable may be unsafe. Consider using strtok_s instead. To disable deprecation, use _CRT_SECURE_NO_WARNINGS. See online help for details.
                 c:\Program Files (x86)\Microsoft Visual Studio 10.0\VC\include\string.h(197) : see declaration of 'strtok'
     1>\\apollo\uprofiles\gheriba\downloads\trips\trips\trips\GenerationForm.h(749): warning C4996: 'strcpy': This function or variable may be unsafe. Consider using strcpy_s instead. To disable deprecation, use _CRT_SECURE_NO_WARNINGS. See online help for details.
                 c:\Program Files (x86)\Microsoft Visual Studio 10.0\VC\include\string.h(105) : see declaration of 'strcpy'
     1>\\apollo\uprofiles\gheriba\downloads\trips\trips\trips\GenerationForm.h(752): warning C4996: 'strtok': This function or variable may be unsafe. Consider using strtok_s instead. To disable deprecation, use _CRT_SECURE_NO_WARNINGS. See online help for details.
                 c:\Program Files (x86)\Microsoft Visual Studio 10.0\VC\include\string.h(197) : see declaration of 'strtok'
     1>\\apollo\uprofiles\gheriba\downloads\trips\trips\trips\GenerationForm.h(758): warning C4996: 'strtok': This function or variable may be unsafe. Consider using strtok_s instead. To disable deprecation, use _CRT_SECURE_NO_WARNINGS. See online help for details.
                 c:\Program Files (x86)\Microsoft Visual Studio 10.0\VC\include\string.h(197) : see declaration of 'strtok'
         Generating Code...
         All outputs are up-to-date.
       CoreResGen:
         No resources are out of date with respect to their source files. Skipping resource generation.
       Link:
         c:\Program Files (x86)\Microsoft Visual Studio 10.0\VC\bin\link.exe /ERRORREPORT:PROMPT /OUT:"\\APOLLO\UProfiles\gheriba\Downloads\Trips\Trips\Debug\Trips.exe" /INCREMENTAL /NOLOGO /ASSEMBLYRESOURCE:Debug\Trips.AttractiveForm.resources /ASSEMBLYRESOURCE:Debug\Trips.DistributionForm.resources /ASSEMBLYRESOURCE:Debug\Trips.GenerationForm.resources /MANIFEST /ManifestFile:"Debug\Trips.exe.intermediate.manifest" /MANIFESTUAC:"level='asInvoker' uiAccess='false'" /DEBUG /PDB:"\\APOLLO\UProfiles\gheriba\Downloads\Trips\Trips\Debug\Trips.pdb" /ASSEMBLYDEBUG /SUBSYSTEM:WINDOWS /TLBID:1 /ENTRY:"g_main" /DYNAMICBASE /FIXED:NO /NXCOMPAT /MACHINE:X86 Debug\AttractiveForm.obj
         Debug\DistributionForm.obj
         Debug\GenerationForm.obj
         "Debug\.NETFramework,Version=v4.0.AssemblyAttributes.obj"
         Trips.vcxproj -> \\APOLLO\UProfiles\gheriba\Downloads\Trips\Trips\Debug\Trips.exe
       Manifest:
         C:\Program Files (x86)\Microsoft SDKs\Windows\v7.0A\bin\mt.exe /nologo /verbose /outputresource:"\\APOLLO\UProfiles\gheriba\Downloads\Trips\Trips\Debug\Trips.exe;#1" /manifest Debug\Trips.exe.intermediate.manifest
       FinalizeBuildStatus:
         Deleting file "Debug\Trips.unsuccessfulbuild".
         Touching "Debug\Trips.lastbuildstate".
     1>Done Building Project "\\APOLLO\UProfiles\gheriba\Downloads\Trips\Trips\Trips\Trips.vcxproj" (build target(s)).

Build succeeded.

Time Elapsed 00:00:27.66
